ThirdPay/ThirdPayDemo/proguard/seeds.txt
com.unionpay.mobile.android.pro.views.x
com.unionpay.mobile.android.upviews.a
com.unionpay.mobile.android.upviews.b
com.unionpay.mobile.android.upwidget.UPRadiationView
com.unionpay.mobile.android.upwidget.UPRadiationView: UPRadiationView(android.content.Context)
com.unionpay.mobile.android.upwidget.UPRadiationView: UPRadiationView(android.content.Context,android.util.AttributeSet)
com.unionpay.mobile.android.upwidget.UPScrollView
com.unionpay.mobile.android.upwidget.UPScrollView: UPScrollView(android.content.Context)
com.unionpay.mobile.android.upwidget.UPScrollView: UPScrollView(android.content.Context,android.util.AttributeSet)
com.unionpay.mobile.android.upwidget.UPScrollView: UPScrollView(android.content.Context,android.util.AttributeSet,int)
com.unionpay.mobile.android.upwidget.a
com.unionpay.mobile.android.upwidget.e
com.unionpay.mobile.android.upwidget.h
com.unionpay.mobile.android.upwidget.o
com.unionpay.mobile.android.upwidget.u
com.unionpay.mobile.android.upwidget.v
com.unionpay.mobile.android.upwidget.v: void setOnClickListener(android.view.View$OnClickListener)
com.unionpay.mobile.android.utils.PreferenceUtils
com.unionpay.mobile.android.utils.PreferenceUtils: java.lang.String decPrefData(java.lang.String,java.lang.String)
com.unionpay.mobile.android.utils.PreferenceUtils: java.lang.String forConfig(int,java.lang.String)
com.unionpay.mobile.android.views.order.AbstractMethod
com.unionpay.mobile.android.views.order.AbstractMethod: AbstractMethod(android.content.Context)
com.unionpay.mobile.android.views.order.AbstractMethod: AbstractMethod(android.content.Context,android.util.AttributeSet)
com.unionpay.mobile.android.views.order.AbstractMethod: AbstractMethod(android.content.Context,android.util.AttributeSet,int)
com.unionpay.mobile.android.views.order.CViewMethods
com.unionpay.mobile.android.views.order.CViewMethods: CViewMethods(android.content.Context)
com.unionpay.mobile.android.views.order.CViewMethods: CViewMethods(android.content.Context,android.util.AttributeSet)
com.unionpay.mobile.android.views.order.CViewMethods: CViewMethods(android.content.Context,android.util.AttributeSet,int)
com.unionpay.mobile.android.views.order.b
com.unionpay.mobile.android.views.order.i
com.unionpay.mobile.android.views.order.i: i(android.content.Context)
com.unionpay.mobile.android.views.order.m
com.unionpay.mobile.android.views.order.m: m(android.content.Context)
com.unionpay.mobile.android.views.order.o
com.unionpay.mobile.android.widgets.UPWidget
com.unionpay.mobile.android.widgets.UPWidget: void deleteOnce(long)
com.unionpay.mobile.android.widgets.UPWidget: void appendOnce(long,java.lang.String)
com.unionpay.mobile.android.widgets.UPWidget: void clearAll(long)
com.unionpay.mobile.android.widgets.UPWidget: java.lang.String getMsgExtra(long,java.lang.String)
com.unionpay.mobile.android.widgets.UPWidget: java.lang.String getMsg(long)
com.unionpay.mobile.android.widgets.a
com.unionpay.mobile.android.widgets.ac
com.unionpay.mobile.android.widgets.ad
com.unionpay.mobile.android.widgets.ae
com.unionpay.mobile.android.widgets.ag
com.unionpay.mobile.android.widgets.ai
com.unionpay.mobile.android.widgets.an
com.unionpay.mobile.android.widgets.ao
com.unionpay.mobile.android.widgets.ar
com.unionpay.mobile.android.widgets.ar: ar(android.content.Context)
com.unionpay.mobile.android.widgets.as
com.unionpay.mobile.android.widgets.at
com.unionpay.mobile.android.widgets.au
com.unionpay.mobile.android.widgets.ax
com.unionpay.mobile.android.widgets.bc
com.unionpay.mobile.android.widgets.e
com.unionpay.mobile.android.widgets.f
com.unionpay.mobile.android.widgets.g
com.unionpay.mobile.android.widgets.k
com.unionpay.mobile.android.widgets.o
com.unionpay.mobile.android.widgets.o: o(android.content.Context)
com.unionpay.mobile.android.widgets.p
com.unionpay.mobile.android.widgets.t
com.unionpay.mobile.android.widgets.t: t(android.content.Context)
com.unionpay.mobile.android.widgets.t: void setOnTouchListener(android.view.View$OnTouchListener)