ThirdPay/ThirdPayDemo/proguard/mapping.txt
com.unionpay.mobile.android.pro.views.c -> epPlus.vt:
    com.unionpay.mobile.android.pro.views.a a -> a
    void onClick(android.view.View) -> onClick
com.unionpay.mobile.android.pro.views.d -> epPlus.vu:
    com.unionpay.mobile.android.pro.views.a a -> a
    void onClick(android.view.View) -> onClick
com.unionpay.mobile.android.pro.views.e -> epPlus.vv:
    com.unionpay.mobile.android.pro.views.a a -> a
    void onClick(android.view.View) -> onClick
com.unionpay.mobile.android.pro.views.f -> epPlus.vw:
    com.unionpay.mobile.android.pro.views.a a -> a
    void onClick(android.view.View) -> onClick
com.unionpay.mobile.android.pro.views.g -> epPlus.vx:
    java.lang.String a -> a
    java.util.HashMap b -> b
    com.unionpay.mobile.android.pro.views.a c -> c
    void run() -> run
com.unionpay.mobile.android.pro.views.h -> com.unionpay.mobile.android.pro.views.h:
    void y() -> y
    com.unionpay.mobile.android.pro.pboc.engine.b C() -> C
    void B() -> B
    void t() -> d
    void a(com.unionpay.mobile.android.pro.views.h) -> a
com.unionpay.mobile.android.pro.views.i -> epPlus.vy:
    com.unionpay.mobile.android.pro.views.h a -> a
    void a(java.util.ArrayList) -> a
com.unionpay.mobile.android.pro.views.j -> com.unionpay.mobile.android.pro.views.j:
    boolean v() -> v
    boolean w() -> w
    com.unionpay.mobile.android.pro.pboc.engine.b C() -> C
    void a(int,int,java.lang.String,java.lang.String,int,java.lang.String) -> a
com.unionpay.mobile.android.pro.views.k -> com.unionpay.mobile.android.pro.views.k:
    int u -> u
    int v -> v
    java.lang.String r -> a
    android.widget.TextView w -> w
    boolean x -> x
    com.unionpay.mobile.android.upviews.a y -> y
    android.os.Handler z -> z
    android.widget.LinearLayout A -> A
    android.widget.LinearLayout B -> B
    android.widget.RelativeLayout C -> C
    android.widget.LinearLayout D -> D
    android.widget.LinearLayout E -> E
    com.unionpay.mobile.android.widgets.ax F -> F
    com.unionpay.mobile.android.upwidget.UPRadiationView G -> G
    android.widget.ImageView H -> H
    java.lang.String I -> I
    java.lang.String J -> J
    com.unionpay.mobile.android.nocard.utils.UPPayEngine s -> s
    com.unionpay.mobile.android.pboctransaction.nfc.a t -> t
    com.unionpay.mobile.android.upwidget.a K -> K
    com.unionpay.mobile.android.upwidget.a L -> L
    boolean M -> M
    boolean N -> N
    com.unionpay.mobile.android.upviews.a O -> O
    java.lang.String P -> P
    int Q -> Q
    android.view.View$OnClickListener R -> R
    android.view.View$OnClickListener S -> S
    android.view.View$OnClickListener T -> T
    android.view.View$OnClickListener U -> U
    android.view.View$OnClickListener V -> V
    android.view.View$OnClickListener W -> W
    java.sql.Date Z -> Z
    java.lang.String aa -> aa
    java.lang.String ab -> ab
    java.util.HashMap ac -> ac
    void a(org.json.JSONObject) -> a
    void b(int) -> a
    void u() -> d
com.unionpay.mobile.android.pro.views.l -> epPlus.vz:
    com.unionpay.mobile.android.pro.views.k a -> a
    void onClick(android.view.View) -> onClick
com.unionpay.mobile.android.pro.views.m -> epPlus.wa:
    com.unionpay.mobile.android.pro.views.k a -> a
    void onClick(android.view.View) -> onClick
com.unionpay.mobile.android.pro.views.n -> epPlus.wb:
    com.unionpay.mobile.android.pro.views.k a -> a
    void onClick(android.view.View) -> onClick
com.unionpay.mobile.android.pro.views.o -> epPlus.wc:
    com.unionpay.mobile.android.pro.views.k a -> a
    void onClick(android.view.View) -> onClick
com.unionpay.mobile.android.pro.views.p -> epPlus.wd:
    com.unionpay.mobile.android.pro.views.k a -> a
    void onClick(android.view.View) -> onClick
com.unionpay.mobile.android.pro.views.q -> epPlus.we:
    com.unionpay.mobile.android.pro.views.k a -> a
    void onClick(android.view.View) -> onClick