ThirdPay/ThirdPayDemo/proguard/usage.txt
com.ta.utdid2.aid.AidRequester
com.ta.utdid2.aid.AidRequester$PostRestThread
com.ta.utdid2.aid.AidStorageController
com.ta.utdid2.android.utils.AESUtils:
    public static final java.lang.String TAG
    12:12:public AESUtils()
    76:76:public static java.lang.String toHex(java.lang.String)
    80:80:public static java.lang.String fromHex(java.lang.String)
com.ta.utdid2.android.utils.Base64:
    public static final int DEFAULT
    public static final int NO_PADDING
    public static final int NO_WRAP
    public static final int CRLF
    public static final int URL_SAFE
    public static final int NO_CLOSE
    489:492:public static java.lang.String encodeToString(byte[],int,int,int)
com.ta.utdid2.android.utils.Base64Helper
com.ta.utdid2.android.utils.DebugUtils
com.ta.utdid2.android.utils.IntUtils:
    3:3:public IntUtils()
    19:30:public static byte[] getBytes(byte[],int)
com.ta.utdid2.android.utils.NetworkUtils
com.ta.utdid2.android.utils.PhoneInfoUtils:
    9:9:public PhoneInfoUtils()
com.ta.utdid2.android.utils.SharedPreferenceHelper
com.ta.utdid2.android.utils.StringUtils:
    3:3:public StringUtils()
    12:35:public static java.lang.String convertObjectToString(java.lang.Object)
com.ta.utdid2.android.utils.SystemUtils
com.ta.utdid2.android.utils.TimeUtils
com.ta.utdid2.core.persistent.MySharedPreferences:
    public abstract int getInt(java.lang.String,int)
    public abstract float getFloat(java.lang.String,float)
    public abstract boolean getBoolean(java.lang.String,boolean)
    public abstract boolean contains(java.lang.String)
    public abstract void registerOnSharedPreferenceChangeListener(com.ta.utdid2.core.persistent.MySharedPreferences$OnSharedPreferenceChangeListener)
    public abstract void unregisterOnSharedPreferenceChangeListener(com.ta.utdid2.core.persistent.MySharedPreferences$OnSharedPreferenceChangeListener)
com.ta.utdid2.core.persistent.PersistentConfiguration:
    private static final java.lang.String KEY_TIMESTAMP
    private static final java.lang.String KEY_TIMESTAMP2
    253:262:public void putInt(java.lang.String,int)
    265:274:public void putLong(java.lang.String,long)
    277:286:public void putBoolean(java.lang.String,boolean)
    289:298:public void putFloat(java.lang.String,float)
    325:352:public void reload()
    355:365:public void clear()
    447:453:public int getInt(java.lang.String)
    457:463:public long getLong(java.lang.String)
    467:473:public float getFloat(java.lang.String)
    477:483:public boolean getBoolean(java.lang.String)
    487:493:public java.util.Map getAll()
com.ta.utdid2.core.persistent.TransactionXMLFile:
    public static final int MODE_WORLD_WRITEABLE
    public static final int MODE_WORLD_READABLE
    public static final int MODE_PRIVATE
com.ta.utdid2.core.persistent.TransactionXMLFile$MySharedPreferencesImpl:
    178:180:public final void registerOnSharedPreferenceChangeListener(com.ta.utdid2.core.persistent.MySharedPreferences$OnSharedPreferenceChangeListener)
    185:187:public final void unregisterOnSharedPreferenceChangeListener(com.ta.utdid2.core.persistent.MySharedPreferences$OnSharedPreferenceChangeListener)
    205:208:public final int getInt(java.lang.String,int)
    219:222:public final float getFloat(java.lang.String,float)
    226:229:public final boolean getBoolean(java.lang.String,boolean)
    233:235:public final boolean contains(java.lang.String)
com.ta.utdid2.device.Device:
    19:19:long getCheckSum()
com.ta.utdid2.device.DeviceInfo:
    static final byte UTDID_VERSION_CODE
    10:10:public DeviceInfo()
com.ta.utdid2.device.UTDevice:
    10:10:public UTDevice()